{"type":"Erreur","message":"La premiere demande a echouée","timestamp":"2023-01-21T20:47:51.797Z","param":{"method":"GET","type":"ALL","ip":"127.0.0.1"}}
{"type":"Erreur","message":"Une erreur est survenue avec la deuxieme demande","timestamp":"2023-01-21T20:47:51.798Z","param":{"method":"GET","type":"ALL","ip":"127.0.0.1"}}
{"type":"Erreur","message":"La premiere demande a echouée","timestamp":"2023-01-21T20:48:21.310Z","param":{"method":"GET","type":"ALL","ip":"127.0.0.1"}}
{"type":"Erreur","message":"Une erreur est survenue avec la deuxieme demande","timestamp":"2023-01-21T20:48:21.311Z","param":{"method":"GET","type":"ALL","ip":"127.0.0.1"}}
{"type":"Erreur","message":"Une erreur est survenue avec la deuxieme demande","timestamp":"2023-01-23T16:49:47.550Z","param":{"table":"test2","method":"GET","type":"ALL","ip":"::1"}}
{"type":"Erreur","message":"La premiere demande a echouée","timestamp":"2023-01-23T16:49:47.550Z","param":{"table":"test2","method":"GET","type":"ALL","ip":"::1"}}
{"type":"Erreur","message":"La premiere demande a echouée","timestamp":"2023-01-23T16:49:49.433Z","param":{"table":"test2","method":"GET","type":"ALL","ip":"::1"}}
{"type":"Erreur","message":"Une erreur est survenue avec la deuxieme demande","timestamp":"2023-01-23T16:49:49.433Z","param":{"table":"test2","method":"GET","type":"ALL","ip":"::1"}}
{"type":"Erreur","message":"La premiere demande a echouée","timestamp":"2023-01-23T16:49:50.480Z","param":{"table":"test2","method":"GET","type":"ALL","ip":"::1"}}
{"type":"Erreur","message":"Une erreur est survenue avec la deuxieme demande","timestamp":"2023-01-23T16:49:50.480Z","param":{"table":"test2","method":"GET","type":"ALL","ip":"::1"}}
{"type":"Erreur","message":"La premiere demande a echouée","timestamp":"2023-01-23T16:49:51.419Z","param":{"table":"test2","method":"GET","type":"ALL","ip":"::1"}}
{"type":"Erreur","message":"Une erreur est survenue avec la deuxieme demande","timestamp":"2023-01-23T16:49:51.420Z","param":{"table":"test2","method":"GET","type":"ALL","ip":"::1"}}
{"type":"Erreur","message":"La premiere demande a echouée","timestamp":"2023-01-23T16:49:52.250Z","param":{"table":"test2","method":"GET","type":"ALL","ip":"::1"}}
{"type":"Erreur","message":"Une erreur est survenue avec la deuxieme demande","timestamp":"2023-01-23T16:49:52.250Z","param":{"table":"test2","method":"GET","type":"ALL","ip":"::1"}}
{"type":"Erreur","message":"La premiere demande a echouée","timestamp":"2023-01-23T16:59:09.917Z","param":{"method":"GET","type":"ALL","ip":"::1"}}
{"type":"Erreur","message":"Une erreur est survenue avec la deuxieme demande","timestamp":"2023-01-23T16:59:09.918Z","param":{"method":"GET","type":"ALL","ip":"::1"}}
{"type":"Erreur","message":"La premiere demande a echouée","timestamp":"2023-01-23T16:59:32.606Z","param":{"table":"test2","method":"GET","type":"ALL","ip":"::1"}}
{"type":"Erreur","message":"Une erreur est survenue avec la deuxieme demande","timestamp":"2023-01-23T16:59:32.606Z","param":{"table":"test2","method":"GET","type":"ALL","ip":"::1"}}
{"type":"Erreur","message":"La premiere demande a echouée","timestamp":"2023-01-23T17:06:50.785Z","param":{"table":"test","method":"GET","type":"ALL","ip":"::1"}}
{"type":"Erreur","message":"La demande a echouée","timestamp":"2023-01-23T17:50:02.582Z","param":{"table":"test","method":"POST","type":"INSERT","ip":"::1"}}
{"type":"Erreur","message":"La demande a echouée","timestamp":"2023-01-23T17:53:02.302Z","param":{"table":"test","method":"POST","type":"INSERT","ip":"::1"}}
{"type":"Erreur","message":"La demande a echouée","timestamp":"2023-01-23T17:53:04.012Z","param":{"table":"test","method":"POST","type":"INSERT","ip":"::1"}}
{"type":"Erreur","message":"La demande a echouée","timestamp":"2023-01-23T17:53:05.246Z","param":{"table":"test","method":"POST","type":"INSERT","ip":"::1"}}
{"type":"Erreur","message":"La demande a echouée","timestamp":"2023-01-23T17:53:06.267Z","param":{"table":"test","method":"POST","type":"INSERT","ip":"::1"}}
{"type":"Erreur","message":"La demande a echouée","timestamp":"2023-01-23T17:53:36.372Z","param":{"table":"test","method":"POST","type":"INSERT","ip":"::1"}}
{"type":"Erreur","message":"La demande a echouée","timestamp":"2023-01-23T17:53:37.234Z","param":{"table":"test","method":"POST","type":"INSERT","ip":"::1"}}
{"type":"Erreur","message":"La premiere demande a echouée","timestamp":"2023-01-23T17:53:41.220Z","param":{"table":"test","method":"GET","type":"ALL","ip":"::1"}}
{"type":"Erreur","message":"La demande a echouée","timestamp":"2023-01-23T21:45:57.505Z","param":{"table":"test","method":"POST","type":"INSERT","ip":"::1"}}
{"type":"Erreur","message":"La premiere demande a echouée","timestamp":"2023-01-25T14:22:09.766Z","param":{"table":"test","method":"GET","type":"ALL","ip":"::1"}}
